<?xml version="1.0" encoding="UTF-8"?>
<!-- Generated by org.testng.reporters.JUnitXMLReporter -->
<testsuite hostname="DTAL14" name="Test" tests="1" failures="1" timestamp="4 Oct 2016 11:16:42 GMT" time="0.21" errors="0">
  <testcase name="openBrowser" time="0.161" classname="myPackage.Googly">
    <failure type="java.lang.IllegalStateException" message="The path to the driver executable must be set by the webdriver.gecko.driver system property; for more information, see https://github.com/mozilla/geckodriver. The latest version can be downloaded from https://github.com/mozilla/geckodriver/releases">
      <![CDATA[java.lang.IllegalStateException: The path to the driver executable must be set by the webdriver.gecko.driver system property; for more information, see https://github.com/mozilla/geckodriver. The latest version can be downloaded from https://github.com/mozilla/geckodriver/releases
	at com.google.common.base.Preconditions.checkState(Preconditions.java:199)
	at org.openqa.selenium.remote.service.DriverService.findExecutable(DriverService.java:109)
	at org.openqa.selenium.firefox.GeckoDriverService.access$000(GeckoDriverService.java:37)
	at org.openqa.selenium.firefox.GeckoDriverService$Builder.findDefaultExecutable(GeckoDriverService.java:95)
	at org.openqa.selenium.remote.service.DriverService$Builder.build(DriverService.java:296)
	at org.openqa.selenium.firefox.FirefoxDriver.createCommandExecutor(FirefoxDriver.java:265)
	at org.openqa.selenium.firefox.FirefoxDriver.<init>(FirefoxDriver.java:235)
	at org.openqa.selenium.firefox.FirefoxDriver.<init>(FirefoxDriver.java:230)
	at org.openqa.selenium.firefox.FirefoxDriver.<init>(FirefoxDriver.java:226)
	at org.openqa.selenium.firefox.FirefoxDriver.<init>(FirefoxDriver.java:124)
	at myPackage.Googly.openBrowser(Googly.java:14)
... Removed 25 stack frames]]>
    </failure>
  </testcase> <!-- openBrowser -->
</testsuite> <!-- Test -->
